[Sat Nov 30 13:21:12.856 2013] [17632] Child process 17633 has been forked
[Sat Nov 30 13:21:12.856 2013] [17633] listening on 127.0.0.1:9306
[Sat Nov 30 13:21:12.859 2013] [17633] binlog: replaying log /home/kepeng/website/ilook/tmp/binlog/production/binlog.001
[Sat Nov 30 13:21:12.859 2013] [17633] binlog: replay stats: 0 rows in 0 commits; 0 updates; 0 indexes
[Sat Nov 30 13:21:12.859 2013] [17633] binlog: finished replaying /home/kepeng/website/ilook/tmp/binlog/production/binlog.001; 0.0 MB in 0.000 sec
[Sat Nov 30 13:21:12.859 2013] [17633] binlog: replaying log /home/kepeng/website/ilook/tmp/binlog/production/binlog.002
[Sat Nov 30 13:21:12.859 2013] [17633] binlog: replay stats: 0 rows in 0 commits; 0 updates; 0 indexes
[Sat Nov 30 13:21:12.859 2013] [17633] binlog: finished replaying /home/kepeng/website/ilook/tmp/binlog/production/binlog.002; 0.0 MB in 0.000 sec
[Sat Nov 30 13:21:12.859 2013] [17633] binlog: replaying log /home/kepeng/website/ilook/tmp/binlog/production/binlog.003
[Sat Nov 30 13:21:12.859 2013] [17633] binlog: replay stats: 0 rows in 0 commits; 0 updates; 0 indexes
[Sat Nov 30 13:21:12.859 2013] [17633] binlog: finished replaying /home/kepeng/website/ilook/tmp/binlog/production/binlog.003; 0.0 MB in 0.000 sec
[Sat Nov 30 13:21:12.859 2013] [17633] binlog: replaying log /home/kepeng/website/ilook/tmp/binlog/production/binlog.004
[Sat Nov 30 13:21:12.859 2013] [17633] binlog: replay stats: 0 rows in 0 commits; 0 updates; 0 indexes
[Sat Nov 30 13:21:12.859 2013] [17633] binlog: finished replaying /home/kepeng/website/ilook/tmp/binlog/production/binlog.004; 0.0 MB in 0.000 sec
[Sat Nov 30 13:21:12.859 2013] [17633] binlog: replaying log /home/kepeng/website/ilook/tmp/binlog/production/binlog.005
[Sat Nov 30 13:21:12.859 2013] [17633] binlog: replay stats: 0 rows in 0 commits; 0 updates; 0 indexes
[Sat Nov 30 13:21:12.859 2013] [17633] binlog: finished replaying /home/kepeng/website/ilook/tmp/binlog/production/binlog.005; 0.0 MB in 0.000 sec
[Sat Nov 30 13:21:12.859 2013] [17633] binlog: replaying log /home/kepeng/website/ilook/tmp/binlog/production/binlog.006
[Sat Nov 30 13:21:12.859 2013] [17633] binlog: replay stats: 0 rows in 0 commits; 0 updates; 0 indexes
[Sat Nov 30 13:21:12.859 2013] [17633] binlog: finished replaying /home/kepeng/website/ilook/tmp/binlog/production/binlog.006; 0.0 MB in 0.000 sec
[Sat Nov 30 13:21:12.859 2013] [17633] binlog: replaying log /home/kepeng/website/ilook/tmp/binlog/production/binlog.007
[Sat Nov 30 13:21:12.859 2013] [17633] binlog: replay stats: 0 rows in 0 commits; 0 updates; 0 indexes
[Sat Nov 30 13:21:12.859 2013] [17633] binlog: finished replaying /home/kepeng/website/ilook/tmp/binlog/production/binlog.007; 0.0 MB in 0.000 sec
[Sat Nov 30 13:21:12.859 2013] [17633] binlog: replaying log /home/kepeng/website/ilook/tmp/binlog/production/binlog.008
[Sat Nov 30 13:21:12.859 2013] [17633] binlog: replay stats: 0 rows in 0 commits; 0 updates; 0 indexes
[Sat Nov 30 13:21:12.859 2013] [17633] binlog: finished replaying /home/kepeng/website/ilook/tmp/binlog/production/binlog.008; 0.0 MB in 0.000 sec
[Sat Nov 30 13:21:12.859 2013] [17633] binlog: replaying log /home/kepeng/website/ilook/tmp/binlog/production/binlog.009
[Sat Nov 30 13:21:12.859 2013] [17633] binlog: replay stats: 0 rows in 0 commits; 0 updates; 0 indexes
[Sat Nov 30 13:21:12.859 2013] [17633] binlog: finished replaying /home/kepeng/website/ilook/tmp/binlog/production/binlog.009; 0.0 MB in 0.000 sec
[Sat Nov 30 13:21:12.859 2013] [17633] binlog: replaying log /home/kepeng/website/ilook/tmp/binlog/production/binlog.010
[Sat Nov 30 13:21:12.859 2013] [17633] binlog: replay stats: 0 rows in 0 commits; 0 updates; 0 indexes
[Sat Nov 30 13:21:12.859 2013] [17633] binlog: finished replaying /home/kepeng/website/ilook/tmp/binlog/production/binlog.010; 0.0 MB in 0.000 sec
[Sat Nov 30 13:21:12.859 2013] [17633] binlog: replaying log /home/kepeng/website/ilook/tmp/binlog/production/binlog.011
[Sat Nov 30 13:21:12.859 2013] [17633] binlog: replay stats: 0 rows in 0 commits; 0 updates; 0 indexes
[Sat Nov 30 13:21:12.859 2013] [17633] binlog: finished replaying /home/kepeng/website/ilook/tmp/binlog/production/binlog.011; 0.0 MB in 0.000 sec
[Sat Nov 30 13:21:12.859 2013] [17633] binlog: replaying log /home/kepeng/website/ilook/tmp/binlog/production/binlog.012
[Sat Nov 30 13:21:12.859 2013] [17633] binlog: replay stats: 0 rows in 0 commits; 0 updates; 0 indexes
[Sat Nov 30 13:21:12.859 2013] [17633] binlog: finished replaying /home/kepeng/website/ilook/tmp/binlog/production/binlog.012; 0.0 MB in 0.000 sec
[Sat Nov 30 13:21:12.859 2013] [17633] binlog: replaying log /home/kepeng/website/ilook/tmp/binlog/production/binlog.013
[Sat Nov 30 13:21:12.859 2013] [17633] binlog: replay stats: 0 rows in 0 commits; 0 updates; 0 indexes
[Sat Nov 30 13:21:12.859 2013] [17633] binlog: finished replaying /home/kepeng/website/ilook/tmp/binlog/production/binlog.013; 0.0 MB in 0.000 sec
[Sat Nov 30 13:21:12.859 2013] [17633] binlog: replaying log /home/kepeng/website/ilook/tmp/binlog/production/binlog.014
[Sat Nov 30 13:21:12.859 2013] [17633] binlog: replay stats: 0 rows in 0 commits; 0 updates; 0 indexes
[Sat Nov 30 13:21:12.859 2013] [17633] binlog: finished replaying /home/kepeng/website/ilook/tmp/binlog/production/binlog.014; 0.0 MB in 0.000 sec
[Sat Nov 30 13:21:12.859 2013] [17633] binlog: replaying log /home/kepeng/website/ilook/tmp/binlog/production/binlog.015
[Sat Nov 30 13:21:12.859 2013] [17633] binlog: replay stats: 0 rows in 0 commits; 0 updates; 0 indexes
[Sat Nov 30 13:21:12.859 2013] [17633] binlog: finished replaying /home/kepeng/website/ilook/tmp/binlog/production/binlog.015; 0.0 MB in 0.000 sec
[Sat Nov 30 13:21:12.859 2013] [17633] binlog: replaying log /home/kepeng/website/ilook/tmp/binlog/production/binlog.016
[Sat Nov 30 13:21:12.859 2013] [17633] binlog: replay stats: 0 rows in 0 commits; 0 updates; 0 indexes
[Sat Nov 30 13:21:12.859 2013] [17633] binlog: finished replaying /home/kepeng/website/ilook/tmp/binlog/production/binlog.016; 0.0 MB in 0.000 sec
[Sat Nov 30 13:21:12.859 2013] [17633] binlog: replaying log /home/kepeng/website/ilook/tmp/binlog/production/binlog.016
[Sat Nov 30 13:21:12.859 2013] [17633] binlog: replay stats: 0 rows in 0 commits; 0 updates; 0 indexes
[Sat Nov 30 13:21:12.859 2013] [17633] binlog: finished replaying /home/kepeng/website/ilook/tmp/binlog/production/binlog.016; 0.0 MB in 0.000 sec
[Sat Nov 30 13:21:12.859 2013] [17633] binlog: replaying log /home/kepeng/website/ilook/tmp/binlog/production/binlog.017
[Sat Nov 30 13:21:12.859 2013] [17633] binlog: replay stats: 0 rows in 0 commits; 0 updates; 0 indexes
[Sat Nov 30 13:21:12.859 2013] [17633] binlog: finished replaying /home/kepeng/website/ilook/tmp/binlog/production/binlog.017; 0.0 MB in 0.000 sec
[Sat Nov 30 13:21:12.859 2013] [17633] binlog: replaying log /home/kepeng/website/ilook/tmp/binlog/production/binlog.018
[Sat Nov 30 13:21:12.859 2013] [17633] binlog: replay stats: 0 rows in 0 commits; 0 updates; 0 indexes
[Sat Nov 30 13:21:12.859 2013] [17633] binlog: finished replaying /home/kepeng/website/ilook/tmp/binlog/production/binlog.018; 0.0 MB in 0.000 sec
[Sat Nov 30 13:21:12.859 2013] [17633] binlog: replaying log /home/kepeng/website/ilook/tmp/binlog/production/binlog.019
[Sat Nov 30 13:21:12.859 2013] [17633] binlog: replay stats: 0 rows in 0 commits; 0 updates; 0 indexes
[Sat Nov 30 13:21:12.859 2013] [17633] binlog: finished replaying /home/kepeng/website/ilook/tmp/binlog/production/binlog.019; 0.0 MB in 0.000 sec
[Sat Nov 30 13:21:12.859 2013] [17633] binlog: replaying log /home/kepeng/website/ilook/tmp/binlog/production/binlog.020
[Sat Nov 30 13:21:12.859 2013] [17633] binlog: replay stats: 0 rows in 0 commits; 0 updates; 0 indexes
[Sat Nov 30 13:21:12.859 2013] [17633] binlog: finished replaying /home/kepeng/website/ilook/tmp/binlog/production/binlog.020; 0.0 MB in 0.000 sec
[Sat Nov 30 13:21:12.859 2013] [17633] binlog: replaying log /home/kepeng/website/ilook/tmp/binlog/production/binlog.021
[Sat Nov 30 13:21:12.859 2013] [17633] binlog: replay stats: 0 rows in 0 commits; 0 updates; 0 indexes
[Sat Nov 30 13:21:12.859 2013] [17633] binlog: finished replaying /home/kepeng/website/ilook/tmp/binlog/production/binlog.021; 0.0 MB in 0.000 sec
[Sat Nov 30 13:21:12.859 2013] [17633] binlog: replaying log /home/kepeng/website/ilook/tmp/binlog/production/binlog.022
[Sat Nov 30 13:21:12.859 2013] [17633] binlog: replay stats: 0 rows in 0 commits; 0 updates; 0 indexes
[Sat Nov 30 13:21:12.860 2013] [17633] binlog: finished replaying /home/kepeng/website/ilook/tmp/binlog/production/binlog.022; 0.0 MB in 0.000 sec
[Sat Nov 30 13:21:12.860 2013] [17633] binlog: replaying log /home/kepeng/website/ilook/tmp/binlog/production/binlog.023
[Sat Nov 30 13:21:12.860 2013] [17633] binlog: replay stats: 0 rows in 0 commits; 0 updates; 0 indexes
[Sat Nov 30 13:21:12.860 2013] [17633] binlog: finished replaying /home/kepeng/website/ilook/tmp/binlog/production/binlog.023; 0.0 MB in 0.000 sec
[Sat Nov 30 13:21:12.860 2013] [17633] binlog: replaying log /home/kepeng/website/ilook/tmp/binlog/production/binlog.024
[Sat Nov 30 13:21:12.860 2013] [17633] binlog: replay stats: 0 rows in 0 commits; 0 updates; 0 indexes
[Sat Nov 30 13:21:12.860 2013] [17633] binlog: finished replaying /home/kepeng/website/ilook/tmp/binlog/production/binlog.024; 0.0 MB in 0.000 sec
[Sat Nov 30 13:21:12.860 2013] [17633] binlog: replaying log /home/kepeng/website/ilook/tmp/binlog/production/binlog.025
[Sat Nov 30 13:21:12.860 2013] [17633] binlog: replay stats: 0 rows in 0 commits; 0 updates; 0 indexes
[Sat Nov 30 13:21:12.860 2013] [17633] binlog: finished replaying /home/kepeng/website/ilook/tmp/binlog/production/binlog.025; 0.0 MB in 0.000 sec
[Sat Nov 30 13:21:12.860 2013] [17633] binlog: replaying log /home/kepeng/website/ilook/tmp/binlog/production/binlog.026
[Sat Nov 30 13:21:12.860 2013] [17633] binlog: replay stats: 0 rows in 0 commits; 0 updates; 0 indexes
[Sat Nov 30 13:21:12.860 2013] [17633] binlog: finished replaying /home/kepeng/website/ilook/tmp/binlog/production/binlog.026; 0.0 MB in 0.000 sec
[Sat Nov 30 13:21:12.860 2013] [17633] binlog: replaying log /home/kepeng/website/ilook/tmp/binlog/production/binlog.027
[Sat Nov 30 13:21:12.860 2013] [17633] binlog: replay stats: 0 rows in 0 commits; 0 updates; 0 indexes
[Sat Nov 30 13:21:12.860 2013] [17633] binlog: finished replaying /home/kepeng/website/ilook/tmp/binlog/production/binlog.027; 0.0 MB in 0.000 sec
[Sat Nov 30 13:21:12.860 2013] [17633] binlog: replaying log /home/kepeng/website/ilook/tmp/binlog/production/binlog.028
[Sat Nov 30 13:21:12.860 2013] [17633] binlog: replay stats: 0 rows in 0 commits; 0 updates; 0 indexes
[Sat Nov 30 13:21:12.860 2013] [17633] binlog: finished replaying /home/kepeng/website/ilook/tmp/binlog/production/binlog.028; 0.0 MB in 0.000 sec
[Sat Nov 30 13:21:12.860 2013] [17633] binlog: replaying log /home/kepeng/website/ilook/tmp/binlog/production/binlog.028
[Sat Nov 30 13:21:12.860 2013] [17633] binlog: replay stats: 0 rows in 0 commits; 0 updates; 0 indexes
[Sat Nov 30 13:21:12.860 2013] [17633] binlog: finished replaying /home/kepeng/website/ilook/tmp/binlog/production/binlog.028; 0.0 MB in 0.000 sec
[Sat Nov 30 13:21:12.860 2013] [17633] binlog: replaying log /home/kepeng/website/ilook/tmp/binlog/production/binlog.028
[Sat Nov 30 13:21:12.860 2013] [17633] binlog: replay stats: 0 rows in 0 commits; 0 updates; 0 indexes
[Sat Nov 30 13:21:12.860 2013] [17633] binlog: finished replaying /home/kepeng/website/ilook/tmp/binlog/production/binlog.028; 0.0 MB in 0.000 sec
[Sat Nov 30 13:21:12.860 2013] [17633] binlog: replaying log /home/kepeng/website/ilook/tmp/binlog/production/binlog.029
[Sat Nov 30 13:21:12.860 2013] [17633] binlog: replay stats: 0 rows in 0 commits; 0 updates; 0 indexes
[Sat Nov 30 13:21:12.860 2013] [17633] binlog: finished replaying /home/kepeng/website/ilook/tmp/binlog/production/binlog.029; 0.0 MB in 0.000 sec
[Sat Nov 30 13:21:12.860 2013] [17633] binlog: finished replaying total 32 in 0.001 sec
[Sat Nov 30 13:21:12.860 2013] [17633] accepting connections
[Sun Dec  8 17:41:44.585 2013] [ 2153] Child process 2154 has been forked
[Sun Dec  8 17:41:44.586 2013] [ 2154] listening on 127.0.0.1:9306
[Sun Dec  8 17:41:44.648 2013] [ 2154] binlog: replaying log /home/kepeng/website/ilook/tmp/binlog/production/binlog.001
[Sun Dec  8 17:41:44.655 2013] [ 2154] binlog: replay stats: 0 rows in 0 commits; 0 updates; 0 indexes
[Sun Dec  8 17:41:44.655 2013] [ 2154] binlog: finished replaying /home/kepeng/website/ilook/tmp/binlog/production/binlog.001; 0.0 MB in 0.000 sec
[Sun Dec  8 17:41:44.655 2013] [ 2154] binlog: replaying log /home/kepeng/website/ilook/tmp/binlog/production/binlog.002
[Sun Dec  8 17:41:44.669 2013] [ 2154] binlog: replay stats: 0 rows in 0 commits; 0 updates; 0 indexes
[Sun Dec  8 17:41:44.669 2013] [ 2154] binlog: finished replaying /home/kepeng/website/ilook/tmp/binlog/production/binlog.002; 0.0 MB in 0.000 sec
[Sun Dec  8 17:41:44.669 2013] [ 2154] binlog: replaying log /home/kepeng/website/ilook/tmp/binlog/production/binlog.003
[Sun Dec  8 17:41:44.677 2013] [ 2154] binlog: replay stats: 0 rows in 0 commits; 0 updates; 0 indexes
[Sun Dec  8 17:41:44.677 2013] [ 2154] binlog: finished replaying /home/kepeng/website/ilook/tmp/binlog/production/binlog.003; 0.0 MB in 0.000 sec
[Sun Dec  8 17:41:44.677 2013] [ 2154] binlog: replaying log /home/kepeng/website/ilook/tmp/binlog/production/binlog.004
[Sun Dec  8 17:41:44.690 2013] [ 2154] binlog: replay stats: 0 rows in 0 commits; 0 updates; 0 indexes
[Sun Dec  8 17:41:44.690 2013] [ 2154] binlog: finished replaying /home/kepeng/website/ilook/tmp/binlog/production/binlog.004; 0.0 MB in 0.000 sec
[Sun Dec  8 17:41:44.690 2013] [ 2154] binlog: replaying log /home/kepeng/website/ilook/tmp/binlog/production/binlog.005
[Sun Dec  8 17:41:44.698 2013] [ 2154] binlog: replay stats: 0 rows in 0 commits; 0 updates; 0 indexes
[Sun Dec  8 17:41:44.698 2013] [ 2154] binlog: finished replaying /home/kepeng/website/ilook/tmp/binlog/production/binlog.005; 0.0 MB in 0.000 sec
[Sun Dec  8 17:41:44.698 2013] [ 2154] binlog: replaying log /home/kepeng/website/ilook/tmp/binlog/production/binlog.006
[Sun Dec  8 17:41:44.711 2013] [ 2154] binlog: replay stats: 0 rows in 0 commits; 0 updates; 0 indexes
[Sun Dec  8 17:41:44.711 2013] [ 2154] binlog: finished replaying /home/kepeng/website/ilook/tmp/binlog/production/binlog.006; 0.0 MB in 0.000 sec
[Sun Dec  8 17:41:44.711 2013] [ 2154] binlog: replaying log /home/kepeng/website/ilook/tmp/binlog/production/binlog.007
[Sun Dec  8 17:41:44.714 2013] [ 2154] binlog: replay stats: 0 rows in 0 commits; 0 updates; 0 indexes
[Sun Dec  8 17:41:44.714 2013] [ 2154] binlog: finished replaying /home/kepeng/website/ilook/tmp/binlog/production/binlog.007; 0.0 MB in 0.000 sec
[Sun Dec  8 17:41:44.714 2013] [ 2154] binlog: replaying log /home/kepeng/website/ilook/tmp/binlog/production/binlog.008
[Sun Dec  8 17:41:44.725 2013] [ 2154] binlog: replay stats: 0 rows in 0 commits; 0 updates; 0 indexes
[Sun Dec  8 17:41:44.725 2013] [ 2154] binlog: finished replaying /home/kepeng/website/ilook/tmp/binlog/production/binlog.008; 0.0 MB in 0.000 sec
[Sun Dec  8 17:41:44.725 2013] [ 2154] binlog: replaying log /home/kepeng/website/ilook/tmp/binlog/production/binlog.009
[Sun Dec  8 17:41:44.741 2013] [ 2154] binlog: replay stats: 0 rows in 0 commits; 0 updates; 0 indexes
[Sun Dec  8 17:41:44.741 2013] [ 2154] binlog: finished replaying /home/kepeng/website/ilook/tmp/binlog/production/binlog.009; 0.0 MB in 0.000 sec
[Sun Dec  8 17:41:44.741 2013] [ 2154] binlog: replaying log /home/kepeng/website/ilook/tmp/binlog/production/binlog.010
[Sun Dec  8 17:41:44.741 2013] [ 2154] binlog: replay stats: 0 rows in 0 commits; 0 updates; 0 indexes
[Sun Dec  8 17:41:44.741 2013] [ 2154] binlog: finished replaying /home/kepeng/website/ilook/tmp/binlog/production/binlog.010; 0.0 MB in 0.000 sec
[Sun Dec  8 17:41:44.741 2013] [ 2154] binlog: replaying log /home/kepeng/website/ilook/tmp/binlog/production/binlog.011
[Sun Dec  8 17:41:44.746 2013] [ 2154] binlog: replay stats: 0 rows in 0 commits; 0 updates; 0 indexes
[Sun Dec  8 17:41:44.746 2013] [ 2154] binlog: finished replaying /home/kepeng/website/ilook/tmp/binlog/production/binlog.011; 0.0 MB in 0.000 sec
[Sun Dec  8 17:41:44.746 2013] [ 2154] binlog: replaying log /home/kepeng/website/ilook/tmp/binlog/production/binlog.012
[Sun Dec  8 17:41:44.747 2013] [ 2154] binlog: replay stats: 0 rows in 0 commits; 0 updates; 0 indexes
[Sun Dec  8 17:41:44.747 2013] [ 2154] binlog: finished replaying /home/kepeng/website/ilook/tmp/binlog/production/binlog.012; 0.0 MB in 0.000 sec
[Sun Dec  8 17:41:44.747 2013] [ 2154] binlog: replaying log /home/kepeng/website/ilook/tmp/binlog/production/binlog.013
[Sun Dec  8 17:41:44.748 2013] [ 2154] binlog: replay stats: 0 rows in 0 commits; 0 updates; 0 indexes
[Sun Dec  8 17:41:44.748 2013] [ 2154] binlog: finished replaying /home/kepeng/website/ilook/tmp/binlog/production/binlog.013; 0.0 MB in 0.000 sec
[Sun Dec  8 17:41:44.748 2013] [ 2154] binlog: replaying log /home/kepeng/website/ilook/tmp/binlog/production/binlog.014
[Sun Dec  8 17:41:44.752 2013] [ 2154] binlog: replay stats: 0 rows in 0 commits; 0 updates; 0 indexes
[Sun Dec  8 17:41:44.752 2013] [ 2154] binlog: finished replaying /home/kepeng/website/ilook/tmp/binlog/production/binlog.014; 0.0 MB in 0.000 sec
[Sun Dec  8 17:41:44.752 2013] [ 2154] binlog: replaying log /home/kepeng/website/ilook/tmp/binlog/production/binlog.015
[Sun Dec  8 17:41:44.758 2013] [ 2154] binlog: replay stats: 0 rows in 0 commits; 0 updates; 0 indexes
[Sun Dec  8 17:41:44.758 2013] [ 2154] binlog: finished replaying /home/kepeng/website/ilook/tmp/binlog/production/binlog.015; 0.0 MB in 0.000 sec
[Sun Dec  8 17:41:44.758 2013] [ 2154] binlog: replaying log /home/kepeng/website/ilook/tmp/binlog/production/binlog.016
[Sun Dec  8 17:41:44.782 2013] [ 2154] binlog: replay stats: 0 rows in 0 commits; 0 updates; 0 indexes
[Sun Dec  8 17:41:44.782 2013] [ 2154] binlog: finished replaying /home/kepeng/website/ilook/tmp/binlog/production/binlog.016; 0.0 MB in 0.000 sec
[Sun Dec  8 17:41:44.782 2013] [ 2154] binlog: replaying log /home/kepeng/website/ilook/tmp/binlog/production/binlog.016
[Sun Dec  8 17:41:44.782 2013] [ 2154] binlog: replay stats: 0 rows in 0 commits; 0 updates; 0 indexes
[Sun Dec  8 17:41:44.782 2013] [ 2154] binlog: finished replaying /home/kepeng/website/ilook/tmp/binlog/production/binlog.016; 0.0 MB in 0.000 sec
[Sun Dec  8 17:41:44.782 2013] [ 2154] binlog: replaying log /home/kepeng/website/ilook/tmp/binlog/production/binlog.017
[Sun Dec  8 17:41:44.790 2013] [ 2154] binlog: replay stats: 0 rows in 0 commits; 0 updates; 0 indexes
[Sun Dec  8 17:41:44.790 2013] [ 2154] binlog: finished replaying /home/kepeng/website/ilook/tmp/binlog/production/binlog.017; 0.0 MB in 0.000 sec
[Sun Dec  8 17:41:44.790 2013] [ 2154] binlog: replaying log /home/kepeng/website/ilook/tmp/binlog/production/binlog.018
[Sun Dec  8 17:41:44.795 2013] [ 2154] binlog: replay stats: 0 rows in 0 commits; 0 updates; 0 indexes
[Sun Dec  8 17:41:44.795 2013] [ 2154] binlog: finished replaying /home/kepeng/website/ilook/tmp/binlog/production/binlog.018; 0.0 MB in 0.000 sec
[Sun Dec  8 17:41:44.795 2013] [ 2154] binlog: replaying log /home/kepeng/website/ilook/tmp/binlog/production/binlog.019
[Sun Dec  8 17:41:44.819 2013] [ 2154] binlog: replay stats: 0 rows in 0 commits; 0 updates; 0 indexes
[Sun Dec  8 17:41:44.819 2013] [ 2154] binlog: finished replaying /home/kepeng/website/ilook/tmp/binlog/production/binlog.019; 0.0 MB in 0.000 sec
[Sun Dec  8 17:41:44.819 2013] [ 2154] binlog: replaying log /home/kepeng/website/ilook/tmp/binlog/production/binlog.020
[Sun Dec  8 17:41:44.825 2013] [ 2154] binlog: replay stats: 0 rows in 0 commits; 0 updates; 0 indexes
[Sun Dec  8 17:41:44.825 2013] [ 2154] binlog: finished replaying /home/kepeng/website/ilook/tmp/binlog/production/binlog.020; 0.0 MB in 0.000 sec
[Sun Dec  8 17:41:44.825 2013] [ 2154] binlog: replaying log /home/kepeng/website/ilook/tmp/binlog/production/binlog.021
[Sun Dec  8 17:41:44.833 2013] [ 2154] binlog: replay stats: 0 rows in 0 commits; 0 updates; 0 indexes
[Sun Dec  8 17:41:44.833 2013] [ 2154] binlog: finished replaying /home/kepeng/website/ilook/tmp/binlog/production/binlog.021; 0.0 MB in 0.000 sec
[Sun Dec  8 17:41:44.833 2013] [ 2154] binlog: replaying log /home/kepeng/website/ilook/tmp/binlog/production/binlog.022
[Sun Dec  8 17:41:44.841 2013] [ 2154] binlog: replay stats: 0 rows in 0 commits; 0 updates; 0 indexes
[Sun Dec  8 17:41:44.841 2013] [ 2154] binlog: finished replaying /home/kepeng/website/ilook/tmp/binlog/production/binlog.022; 0.0 MB in 0.000 sec
[Sun Dec  8 17:41:44.841 2013] [ 2154] binlog: replaying log /home/kepeng/website/ilook/tmp/binlog/production/binlog.023
[Sun Dec  8 17:41:44.849 2013] [ 2154] binlog: replay stats: 0 rows in 0 commits; 0 updates; 0 indexes
[Sun Dec  8 17:41:44.849 2013] [ 2154] binlog: finished replaying /home/kepeng/website/ilook/tmp/binlog/production/binlog.023; 0.0 MB in 0.000 sec
[Sun Dec  8 17:41:44.849 2013] [ 2154] binlog: replaying log /home/kepeng/website/ilook/tmp/binlog/production/binlog.024
[Sun Dec  8 17:41:44.855 2013] [ 2154] binlog: replay stats: 0 rows in 0 commits; 0 updates; 0 indexes
[Sun Dec  8 17:41:44.855 2013] [ 2154] binlog: finished replaying /home/kepeng/website/ilook/tmp/binlog/production/binlog.024; 0.0 MB in 0.000 sec
[Sun Dec  8 17:41:44.855 2013] [ 2154] binlog: replaying log /home/kepeng/website/ilook/tmp/binlog/production/binlog.025
[Sun Dec  8 17:41:44.860 2013] [ 2154] binlog: replay stats: 0 rows in 0 commits; 0 updates; 0 indexes
[Sun Dec  8 17:41:44.860 2013] [ 2154] binlog: finished replaying /home/kepeng/website/ilook/tmp/binlog/production/binlog.025; 0.0 MB in 0.000 sec
[Sun Dec  8 17:41:44.860 2013] [ 2154] binlog: replaying log /home/kepeng/website/ilook/tmp/binlog/production/binlog.026
[Sun Dec  8 17:41:44.875 2013] [ 2154] binlog: replay stats: 0 rows in 0 commits; 0 updates; 0 indexes
[Sun Dec  8 17:41:44.875 2013] [ 2154] binlog: finished replaying /home/kepeng/website/ilook/tmp/binlog/production/binlog.026; 0.0 MB in 0.000 sec
[Sun Dec  8 17:41:44.875 2013] [ 2154] binlog: replaying log /home/kepeng/website/ilook/tmp/binlog/production/binlog.027
[Sun Dec  8 17:41:44.882 2013] [ 2154] binlog: replay stats: 0 rows in 0 commits; 0 updates; 0 indexes
[Sun Dec  8 17:41:44.882 2013] [ 2154] binlog: finished replaying /home/kepeng/website/ilook/tmp/binlog/production/binlog.027; 0.0 MB in 0.000 sec
[Sun Dec  8 17:41:44.882 2013] [ 2154] binlog: replaying log /home/kepeng/website/ilook/tmp/binlog/production/binlog.028
[Sun Dec  8 17:41:44.886 2013] [ 2154] binlog: replay stats: 0 rows in 0 commits; 0 updates; 0 indexes
[Sun Dec  8 17:41:44.886 2013] [ 2154] binlog: finished replaying /home/kepeng/website/ilook/tmp/binlog/production/binlog.028; 0.0 MB in 0.000 sec
[Sun Dec  8 17:41:44.886 2013] [ 2154] binlog: replaying log /home/kepeng/website/ilook/tmp/binlog/production/binlog.028
[Sun Dec  8 17:41:44.886 2013] [ 2154] binlog: replay stats: 0 rows in 0 commits; 0 updates; 0 indexes
[Sun Dec  8 17:41:44.886 2013] [ 2154] binlog: finished replaying /home/kepeng/website/ilook/tmp/binlog/production/binlog.028; 0.0 MB in 0.000 sec
[Sun Dec  8 17:41:44.886 2013] [ 2154] binlog: replaying log /home/kepeng/website/ilook/tmp/binlog/production/binlog.028
[Sun Dec  8 17:41:44.886 2013] [ 2154] binlog: replay stats: 0 rows in 0 commits; 0 updates; 0 indexes
[Sun Dec  8 17:41:44.886 2013] [ 2154] binlog: finished replaying /home/kepeng/website/ilook/tmp/binlog/production/binlog.028; 0.0 MB in 0.000 sec
[Sun Dec  8 17:41:44.886 2013] [ 2154] binlog: replaying log /home/kepeng/website/ilook/tmp/binlog/production/binlog.029
[Sun Dec  8 17:41:44.892 2013] [ 2154] binlog: replay stats: 0 rows in 0 commits; 0 updates; 0 indexes
[Sun Dec  8 17:41:44.893 2013] [ 2154] binlog: finished replaying /home/kepeng/website/ilook/tmp/binlog/production/binlog.029; 0.0 MB in 0.000 sec
[Sun Dec  8 17:41:44.893 2013] [ 2154] binlog: replaying log /home/kepeng/website/ilook/tmp/binlog/production/binlog.030
[Sun Dec  8 17:41:44.902 2013] [ 2154] binlog: replay stats: 0 rows in 0 commits; 0 updates; 0 indexes
[Sun Dec  8 17:41:44.902 2013] [ 2154] binlog: finished replaying /home/kepeng/website/ilook/tmp/binlog/production/binlog.030; 0.0 MB in 0.000 sec
[Sun Dec  8 17:41:44.902 2013] [ 2154] binlog: finished replaying total 33 in 0.253 sec
[Sun Dec  8 17:41:44.909 2013] [ 2154] accepting connections
